This is pdfTeX, Version 3.14159265-2.6-1.40.16 (MiKTeX 2.9) (preloaded format=pdflatex 2015.10.7)  31 OCT 2015 09:44
entering extended mode
**lab_report_2.tex
(lab_report_2.tex
LaTeX2e <2015/01/01> patch level 2
Babel <3.9m> and hyphenation patterns for 69 languages loaded.
("C:\Program Files\MiKTeX 2.9\tex\latex\base\article.cls"
Document Class: article 2014/09/29 v1.4h Standard LaTeX document class
("C:\Program Files\MiKTeX 2.9\tex\latex\base\size10.clo"
File: size10.clo 2014/09/29 v1.4h Standard LaTeX file (size option)
)
\c@part=\count79
\c@section=\count80
\c@subsection=\count81
\c@subsubsection=\count82
\c@paragraph=\count83
\c@subparagraph=\count84
\c@figure=\count85
\c@table=\count86
\abovecaptionskip=\skip41
\belowcaptionskip=\skip42
\bibindent=\dimen102
)
("C:\Program Files\MiKTeX 2.9\tex\latex\mhchem\mhchem.sty"
Package: mhchem 2015/07/23 v4.02 for typesetting chemical formulae

("C:\Program Files\MiKTeX 2.9\tex\latex\l3kernel\expl3.sty"
Package: expl3 2015/09/27 v6111 L3 programming layer (loader) 

("C:\Program Files\MiKTeX 2.9\tex\latex\l3kernel\expl3-code.tex"
Package: expl3 2015/09/27 v6111 L3 programming layer (code) 
L3 Module: l3bootstrap 2015/09/10 v5983 L3 Bootstrap code
L3 Module: l3names 2015/09/27 v6108 L3 Namespace for primitives
L3 Module: l3basics 2015/09/22 v6033 L3 Basic definitions
L3 Module: l3expan 2015/09/10 v5983 L3 Argument expansion
L3 Module: l3tl 2015/09/23 v6037 L3 Token lists
L3 Module: l3str 2015/09/20 v6021 L3 Strings
L3 Module: l3seq 2015/08/05 v5777 L3 Sequences and stacks
L3 Module: l3int 2015/09/25 v6089 L3 Integers
\c_max_int=\count87
\l_tmpa_int=\count88
\l_tmpb_int=\count89
\g_tmpa_int=\count90
\g_tmpb_int=\count91
L3 Module: l3quark 2015/08/17 v5855 L3 Quarks
L3 Module: l3prg 2015/09/10 v5983 L3 Control structures
\g__prg_map_int=\count92
L3 Module: l3clist 2015/09/02 v5901 L3 Comma separated lists
L3 Module: l3token 2015/09/23 v6040 L3 Experimental token manipulation
L3 Module: l3prop 2015/08/05 v5777 L3 Property lists
L3 Module: l3msg 2015/09/23 v6037 L3 Messages
L3 Module: l3file 2015/09/23 v6037 L3 File and I/O operations
\l_iow_line_count_int=\count93
\l__iow_target_count_int=\count94
\l__iow_current_line_int=\count95
\l__iow_current_word_int=\count96
\l__iow_current_indentation_int=\count97
L3 Module: l3skip 2015/09/25 v6089 L3 Dimensions and skips
\c_zero_dim=\dimen103
\c_max_dim=\dimen104
\l_tmpa_dim=\dimen105
\l_tmpb_dim=\dimen106
\g_tmpa_dim=\dimen107
\g_tmpb_dim=\dimen108
\c_zero_skip=\skip43
\c_max_skip=\skip44
\l_tmpa_skip=\skip45
\l_tmpb_skip=\skip46
\g_tmpa_skip=\skip47
\g_tmpb_skip=\skip48
\c_zero_muskip=\muskip10
\c_max_muskip=\muskip11
\l_tmpa_muskip=\muskip12
\l_tmpb_muskip=\muskip13
\g_tmpa_muskip=\muskip14
\g_tmpb_muskip=\muskip15
L3 Module: l3keys 2015/09/23 v6037 L3 Key-value interfaces
\g__keyval_level_int=\count98
\l_keys_choice_int=\count99
L3 Module: l3fp 2015/08/25 v5890 L3 Floating points
\c__fp_leading_shift_int=\count100
\c__fp_middle_shift_int=\count101
\c__fp_trailing_shift_int=\count102
\c__fp_big_leading_shift_int=\count103
\c__fp_big_middle_shift_int=\count104
\c__fp_big_trailing_shift_int=\count105
\c__fp_Bigg_leading_shift_int=\count106
\c__fp_Bigg_middle_shift_int=\count107
\c__fp_Bigg_trailing_shift_int=\count108
L3 Module: l3box 2015/08/09 v5822 L3 Experimental boxes
\c_empty_box=\box26
\l_tmpa_box=\box27
\l_tmpb_box=\box28
\g_tmpa_box=\box29
\g_tmpb_box=\box30
L3 Module: l3coffins 2015/08/06 v5789 L3 Coffin code layer
\l__coffin_internal_box=\box31
\l__coffin_internal_dim=\dimen109
\l__coffin_offset_x_dim=\dimen110
\l__coffin_offset_y_dim=\dimen111
\l__coffin_x_dim=\dimen112
\l__coffin_y_dim=\dimen113
\l__coffin_x_prime_dim=\dimen114
\l__coffin_y_prime_dim=\dimen115
\c_empty_coffin=\box32
\l__coffin_aligned_coffin=\box33
\l__coffin_aligned_internal_coffin=\box34
\l_tmpa_coffin=\box35
\l_tmpb_coffin=\box36
\l__coffin_display_coffin=\box37
\l__coffin_display_coord_coffin=\box38
\l__coffin_display_pole_coffin=\box39
\l__coffin_display_offset_dim=\dimen116
\l__coffin_display_x_dim=\dimen117
\l__coffin_display_y_dim=\dimen118
L3 Module: l3color 2014/08/23 v5354 L3 Experimental color support
L3 Module: l3candidates 2015/09/23 v6039 L3 Experimental additions to l3kernel
\l__box_top_dim=\dimen119
\l__box_bottom_dim=\dimen120
\l__box_left_dim=\dimen121
\l__box_right_dim=\dimen122
\l__box_top_new_dim=\dimen123
\l__box_bottom_new_dim=\dimen124
\l__box_left_new_dim=\dimen125
\l__box_right_new_dim=\dimen126
\l__box_internal_box=\box40
\l__coffin_bounding_shift_dim=\dimen127
\l__coffin_left_corner_dim=\dimen128
\l__coffin_right_corner_dim=\dimen129
\l__coffin_bottom_corner_dim=\dimen130
\l__coffin_top_corner_dim=\dimen131
\l__coffin_scaled_total_height_dim=\dimen132
\l__coffin_scaled_width_dim=\dimen133
L3 Module: l3sys 2015/09/25 v6087 L3 Experimental system/runtime functions
L3 Module: l3luatex 2015/09/10 v5983 L3 Experimental LuaTeX-specific functions
)
("C:\Program Files\MiKTeX 2.9\tex\latex\l3kernel\l3unicode-data.def"
File: l3unicode-data.def 2015/07/20 v5676 L3 Unicode data
)
("C:\Program Files\MiKTeX 2.9\tex\latex\l3kernel\l3pdfmode.def"
File: l3pdfmode.def 2015/09/10 v5983 L3 Experimental driver: PDF mode
\l__driver_color_stack_int=\count109
))
("C:\Program Files\MiKTeX 2.9\tex\latex\l3packages\l3keys2e\l3keys2e.sty"
Package: l3keys2e 2015/09/27 v6111 LaTeX2e option processing using LaTeX3 keys
)
("C:\Program Files\MiKTeX 2.9\tex\latex\l3experimental\l3str\l3regex.sty"
Package: l3regex 2015/09/27 v6111 L3 Experimental regular expressions

("C:\Program Files\MiKTeX 2.9\tex\latex\l3experimental\l3str\l3tl-build.sty"
Package: l3tl-build 2015/07/28 v5700 L3 Experimental token list construction
\l__tl_build_start_index_int=\count110
\l__tl_build_index_int=\count111
)
("C:\Program Files\MiKTeX 2.9\tex\latex\l3experimental\l3str\l3tl-analysis.sty"
Package: l3tl-analysis 2015/09/26 v6106 L3 Experimental token lists analysis
\l__tl_analysis_normal_int=\count112
\l__tl_analysis_index_int=\count113
\l__tl_analysis_nesting_int=\count114
\l__tl_analysis_type_int=\count115
) ("C:\Program Files\MiKTeX 2.9\tex\latex\l3experimental\l3str\l3flag.sty"
Package: l3flag 2015/09/27 v6111 L3 Experimental flags
)
("C:\Program Files\MiKTeX 2.9\tex\latex\l3experimental\l3str\l3str-convert.sty"
Package: l3str-convert 2015/09/26 v6106 L3 Experimental string encoding convers
ions
\l__str_internal_int=\count116
\c__str_replacement_char_int=\count117
)
\l__regex_internal_a_int=\count118
\l__regex_internal_b_int=\count119
\l__regex_internal_c_int=\count120
\l__regex_balance_int=\count121
\l__regex_group_level_int=\count122
\l__regex_mode_int=\count123
\l__regex_catcodes_int=\count124
\l__regex_default_catcodes_int=\count125
\c__regex_catcode_D_int=\count126
\c__regex_catcode_S_int=\count127
\c__regex_catcode_L_int=\count128
\c__regex_catcode_O_int=\count129
\c__regex_catcode_A_int=\count130
\c__regex_all_catcodes_int=\count131
\l__regex_show_lines_int=\count132
\l__regex_min_state_int=\count133
\l__regex_max_state_int=\count134
\l__regex_left_state_int=\count135
\l__regex_right_state_int=\count136
\l__regex_capturing_group_int=\count137
\l__regex_min_pos_int=\count138
\l__regex_max_pos_int=\count139
\l__regex_current_pos_int=\count140
\l__regex_start_pos_int=\count141
\l__regex_success_pos_int=\count142
\l__regex_current_char_int=\count143
\l__regex_current_catcode_int=\count144
\l__regex_last_char_int=\count145
\l__regex_case_changed_char_int=\count146
\l__regex_current_state_int=\count147
\l__regex_step_int=\count148
\l__regex_min_active_int=\count149
\l__regex_max_active_int=\count150
\l__regex_replacement_csnames_int=\count151
\l__regex_match_count_int=\count152
\l__regex_submatch_int=\count153
\l__regex_zeroth_submatch_int=\count154
) ("C:\Program Files\MiKTeX 2.9\tex\latex\tools\calc.sty"
Package: calc 2014/10/28 v4.3 Infix arithmetic (KKT,FJ)
\calc@Acount=\count155
\calc@Bcount=\count156
\calc@Adimen=\dimen134
\calc@Bdimen=\dimen135
\calc@Askip=\skip49
\calc@Bskip=\skip50
LaTeX Info: Redefining \setlength on input line 80.
LaTeX Info: Redefining \addtolength on input line 81.
\calc@Ccount=\count157
\calc@Cskip=\skip51
)
("C:\Program Files\MiKTeX 2.9\tex\latex\amsmath\amsmath.sty"
Package: amsmath 2013/01/14 v2.14 AMS math features
\@mathmargin=\skip52

For additional information on amsmath, use the `?' option.
("C:\Program Files\MiKTeX 2.9\tex\latex\amsmath\amstext.sty"
Package: amstext 2000/06/29 v2.01

("C:\Program Files\MiKTeX 2.9\tex\latex\amsmath\amsgen.sty"
File: amsgen.sty 1999/11/30 v2.0
\@emptytoks=\toks14
\ex@=\dimen136
))
("C:\Program Files\MiKTeX 2.9\tex\latex\amsmath\amsbsy.sty"
Package: amsbsy 1999/11/29 v1.2d
\pmbraise@=\dimen137
)
("C:\Program Files\MiKTeX 2.9\tex\latex\amsmath\amsopn.sty"
Package: amsopn 1999/12/14 v2.01 operator names
)
\inf@bad=\count158
LaTeX Info: Redefining \frac on input line 210.
\uproot@=\count159
\leftroot@=\count160
LaTeX Info: Redefining \overline on input line 306.
\classnum@=\count161
\DOTSCASE@=\count162
LaTeX Info: Redefining \ldots on input line 378.
LaTeX Info: Redefining \dots on input line 381.
LaTeX Info: Redefining \cdots on input line 466.
\Mathstrutbox@=\box41
\strutbox@=\box42
\big@size=\dimen138
LaTeX Font Info:    Redeclaring font encoding OML on input line 566.
LaTeX Font Info:    Redeclaring font encoding OMS on input line 567.
\macc@depth=\count163
\c@MaxMatrixCols=\count164
\dotsspace@=\muskip16
\c@parentequation=\count165
\dspbrk@lvl=\count166
\tag@help=\toks15
\row@=\count167
\column@=\count168
\maxfields@=\count169
\andhelp@=\toks16
\eqnshift@=\dimen139
\alignsep@=\dimen140
\tagshift@=\dimen141
\tagwidth@=\dimen142
\totwidth@=\dimen143
\lineht@=\dimen144
\@envbody=\toks17
\multlinegap=\skip53
\multlinetaggap=\skip54
\mathdisplay@stack=\toks18
LaTeX Info: Redefining \[ on input line 2665.
LaTeX Info: Redefining \] on input line 2666.
)
("C:\Program Files\MiKTeX 2.9\tex\latex\chemgreek\chemgreek.sty"
("C:\Program Files\MiKTeX 2.9\tex\latex\l3packages\xparse\xparse.sty"
Package: xparse 2015/09/27 v6111 L3 Experimental document command parser
\l__xparse_current_arg_int=\count170
\l__xparse_m_args_int=\count171
\l__xparse_mandatory_args_int=\count172
\l__xparse_processor_int=\count173
\l__xparse_v_nesting_int=\count174
)
Package: chemgreek 2015/07/01 v1.0a interfaceforuprightgreeklettersforuseinchem
istry (CN)
\l__chemgreek_tmpa_int=\count175
\g__chemgreek_tmpa_int=\count176
.................................................
. LaTeX info: "xparse/define-command"
. 
. Defining command \newchemgreekmapping with sig. 'O{}mm' on line 330.
.................................................
.................................................
. LaTeX info: "xparse/define-command"
. 
. Defining command \renewchemgreekmapping with sig. 'O{}mm' on line 333.
.................................................
.................................................
. LaTeX info: "xparse/define-command"
. 
. Defining command \declarechemgreekmapping with sig. 'O{}mm' on line 336.
.................................................
.................................................
. LaTeX info: "xparse/define-command"
. 
. Defining command \newchemgreekmappingalias with sig. 'mm' on line 341.
.................................................
.................................................
. LaTeX info: "xparse/define-command"
. 
. Defining command \renewchemgreekmappingalias with sig. 'mm' on line 344.
.................................................
.................................................
. LaTeX info: "xparse/define-command"
. 
. Defining command \declarechemgreekmappingalias with sig. 'mm' on line 347.
.................................................
.................................................
. LaTeX info: "xparse/define-command"
. 
. Defining command \changechemgreeksymbol with sig. 'mmmm' on line 377.
.................................................
.................................................
. LaTeX info: "xparse/define-command"
. 
. Defining command \chemgreekmappingsymbol with sig. 'mm' on line 471.
.................................................
.................................................
. LaTeX info: "xparse/define-command"
. 
. Defining command \activatechemgreekmapping with sig. 'sm' on line 480.
.................................................
.................................................
. LaTeX info: "xparse/define-command"
. 
. Defining command \selectchemgreekmapping with sig. 'm' on line 485.
.................................................
)
("C:\Program Files\MiKTeX 2.9\tex\latex\graphics\graphics.sty"
Package: graphics 2014/10/28 v1.0p Standard LaTeX Graphics (DPC,SPQR)

("C:\Program Files\MiKTeX 2.9\tex\latex\graphics\trig.sty"
Package: trig 1999/03/16 v1.09 sin cos tan (DPC)
)
("C:\Program Files\MiKTeX 2.9\tex\latex\00miktex\graphics.cfg"
File: graphics.cfg 2007/01/18 v1.5 graphics configuration of teTeX/TeXLive
)
Package graphics Info: Driver file: pdftex.def on input line 94.

("C:\Program Files\MiKTeX 2.9\tex\latex\pdftex-def\pdftex.def"
File: pdftex.def 2011/05/27 v0.06d Graphics/color for pdfTeX

("C:\Program Files\MiKTeX 2.9\tex\generic\oberdiek\infwarerr.sty"
Package: infwarerr 2010/04/08 v1.3 Providing info/warning/error messages (HO)
)
("C:\Program Files\MiKTeX 2.9\tex\generic\oberdiek\ltxcmds.sty"
Package: ltxcmds 2011/11/09 v1.22 LaTeX kernel commands for general use (HO)
)
\Gread@gobject=\count177
))
("C:\Program Files\MiKTeX 2.9\tex\latex\base\ifthen.sty"
Package: ifthen 2014/09/29 v1.1c Standard LaTeX ifthen package (DPC)
)
\l__mhchem_ce_distanceFromLastComma_int=\count178
\mhchem@arrow@params=\toks19
\mhchem@arrowlength@pgf=\skip55
\mhchem@bondwidth=\skip56
\mhchem@bondheight=\skip57
\mhchem@smallbondwidth@tmpA=\skip58
\mhchem@smallbondwidth@tmpB=\skip59
\mhchem@smallbondwidth=\skip60
\mhchem@bondtmp@minussidebearingleft=\skip61
\mhchem@bondtmp@minussidebearingright=\skip62
\mhchem@minispace@tmp=\skip63
\mhchem@minibackspace@tmp=\skip64
\l__mhchem_option_version_int=\count179
\mhchem@option@minusmathsidebearingleft=\dimen145
\mhchem@option@minusmathsidebearingright=\dimen146
\mhchem@option@minustextsidebearingleft=\dimen147
\mhchem@option@minustextsidebearingright=\dimen148
)
("C:\Program Files\MiKTeX 2.9\tex\latex\siunitx\siunitx.sty"
Package: siunitx 2015/09/14 v2.6l A comprehensive (SI) units package

("C:\Program Files\MiKTeX 2.9\tex\latex\tools\array.sty"
Package: array 2014/10/28 v2.4c Tabular extension package (FMi)
\col@sep=\dimen149
\extrarowheight=\dimen150
\NC@list=\toks20
\extratabsurround=\skip65
\backup@length=\skip66
)
\l__siunitx_tmp_box=\box43
\l__siunitx_tmp_dim=\dimen151
\l__siunitx_tmp_int=\count180
\l__siunitx_number_mantissa_length_int=\count181
\l__siunitx_number_uncert_length_int=\count182
\l__siunitx_round_int=\count183
\l__siunitx_process_decimal_int=\count184
\l__siunitx_process_uncertainty_int=\count185
\l__siunitx_process_fixed_int=\count186
\l__siunitx_process_integer_min_int=\count187
\l__siunitx_process_precision_int=\count188
\l__siunitx_group_min_int=\count189
\l__siunitx_angle_marker_box=\box44
\l__siunitx_angle_unit_box=\box45
\l__siunitx_angle_marker_dim=\dimen152
\l__siunitx_angle_unit_dim=\dimen153
\l__siunitx_unit_int=\count190
\l__siunitx_unit_denominator_int=\count191
\l__siunitx_unit_numerator_int=\count192
\l__siunitx_unit_prefix_int=\count193
\l__siunitx_unit_prefix_base_int=\count194
\l__siunitx_unit_prefix_gram_int=\count195
\l__siunitx_number_product_int=\count196
\c__siunitx_one_fill_skip=\skip67
\l__siunitx_table_unit_align_skip=\skip68
\l__siunitx_table_exponent_dim=\dimen154
\l__siunitx_table_integer_dim=\dimen155
\l__siunitx_table_mantissa_dim=\dimen156
\l__siunitx_table_marker_dim=\dimen157
\l__siunitx_table_result_dim=\dimen158
\l__siunitx_table_uncert_dim=\dimen159
\l__siunitx_table_fill_pre_dim=\dimen160
\l__siunitx_table_fill_post_dim=\dimen161
\l__siunitx_table_fill_mid_dim=\dimen162
\l__siunitx_table_pre_box=\box46
\l__siunitx_table_post_box=\box47
\l__siunitx_table_mantissa_box=\box48
\l__siunitx_table_result_box=\box49
\l__siunitx_table_number_align_skip=\skip69
\l__siunitx_table_text_align_skip=\skip70
.................................................
. LaTeX info: "xparse/define-command"
. 
. Defining command \DeclareBinaryPrefix with sig. 'mmm' on line 7206.
.................................................
.................................................
. LaTeX info: "xparse/define-command"
. 
. Defining command \DeclareSIPostPower with sig. 'mm' on line 7209.
.................................................
.................................................
. LaTeX info: "xparse/define-command"
. 
. Defining command \DeclareSIPrefix with sig. 'mmm' on line 7212.
.................................................
.................................................
. LaTeX info: "xparse/define-command"
. 
. Defining command \DeclareSIPrePower with sig. 'mm' on line 7215.
.................................................
.................................................
. LaTeX info: "xparse/define-command"
. 
. Defining command \DeclareSIQualifier with sig. 'mm' on line 7218.
.................................................
.................................................
. LaTeX info: "xparse/define-command"
. 
. Defining command \DeclareSIUnit with sig. 'O{}mm' on line 7221.
.................................................
.................................................
. LaTeX info: "xparse/define-command"
. 
. Defining command \DeclareSIUnitWithOptions with sig. 'mmm' on line 7224.
.................................................
.................................................
. LaTeX info: "xparse/define-command"
. 
. Defining command \ang with sig. 'o>{\SplitArgument {2}{;}}m' on line 7239.
.................................................
.................................................
. LaTeX info: "xparse/define-command"
. 
. Defining command \num with sig. 'om' on line 7247.
.................................................
.................................................
. LaTeX info: "xparse/define-command"
. 
. Defining command \numlist with sig. 'o>{\SplitList {;}}m' on line 7255.
.................................................
.................................................
. LaTeX info: "xparse/define-command"
. 
. Defining command \numrange with sig. 'omm' on line 7263.
.................................................
.................................................
. LaTeX info: "xparse/define-command"
. 
. Defining command \SIlist with sig. 'o>{\SplitList {;}}mm' on line 7274.
.................................................
.................................................
. LaTeX info: "xparse/define-command"
. 
. Defining command \SIrange with sig. 'ommm' on line 7285.
.................................................
.................................................
. LaTeX info: "xparse/define-command"
. 
. Defining command \SI with sig. 'omom' on line 7296.
.................................................
.................................................
. LaTeX info: "xparse/define-command"
. 
. Defining command \sisetup with sig. 'm' on line 7299.
.................................................
.................................................
. LaTeX info: "xparse/define-command"
. 
. Defining command \tablenum with sig. 'om' on line 7311.
.................................................
.................................................
. LaTeX info: "xparse/define-command"
. 
. Defining command \si with sig. 'om' on line 7322.
.................................................
.................................................
. LaTeX info: "xparse/define-command"
. 
. Defining command \__siunitx_bookmark_num:w with sig. 'om' on line 7369.
.................................................
.................................................
. LaTeX info: "xparse/define-command"
. 
. Defining command \__siunitx_bookmark_numrange:w with sig. 'omm' on line
. 7371.
.................................................
.................................................
. LaTeX info: "xparse/define-command"
. 
. Defining command \__siunitx_bookmark_SI:w with sig. 'omom' on line 7373.
.................................................
.................................................
. LaTeX info: "xparse/define-command"
. 
. Defining command \__siunitx_bookmark_SIlist:w with sig. 'omm' on line 7375.
.................................................
.................................................
. LaTeX info: "xparse/define-command"
. 
. Defining command \__siunitx_bookmark_SIrange:w with sig. 'ommm' on line
. 7377.
.................................................
.................................................
. LaTeX info: "xparse/define-command"
. 
. Defining command \__siunitx_bookmark_si:w with sig. 'om' on line 7378.
.................................................
\g__file_internal_ior=\read1

("C:\Program Files\MiKTeX 2.9\tex\latex\beamer\base\translator\translator.sty"
Package: translator 2010/06/12 ver 1.10

("C:\Program Files\MiKTeX 2.9\tex\latex\graphics\keyval.sty"
Package: keyval 2014/10/28 v1.15 key=value parser (DPC)
\KV@toks@=\toks21
)
("C:\Program Files\MiKTeX 2.9\tex\latex\beamer\base\translator\translator-langu
age-mappings.tex")))
("C:\Program Files\MiKTeX 2.9\tex\latex\graphics\graphicx.sty"
Package: graphicx 2014/10/28 v1.0g Enhanced LaTeX Graphics (DPC,SPQR)
\Gin@req@height=\dimen163
\Gin@req@width=\dimen164
)
("C:\Program Files\MiKTeX 2.9\tex\latex\url\url.sty"
\Urlmuskip=\muskip17
Package: url 2013/09/16  ver 3.4  Verb mode for urls, etc.
)
("C:\Program Files\MiKTeX 2.9\tex\latex\float\float.sty"
Package: float 2001/11/08 v1.3d Float enhancements (AL)
\c@float@type=\count197
\float@exts=\toks22
\float@box=\box50
\@float@everytoks=\toks23
\@floatcapt=\box51
)
("C:\Program Files\MiKTeX 2.9\tex\latex\adjustbox\adjustbox.sty"
Package: adjustbox 2012/05/21 v1.0 Adjusting TeX boxes (trim, clip, ...)

("C:\Program Files\MiKTeX 2.9\tex\latex\xkeyval\xkeyval.sty"
Package: xkeyval 2014/12/03 v2.7a package option processing (HA)

("C:\Program Files\MiKTeX 2.9\tex\generic\xkeyval\xkeyval.tex"
("C:\Program Files\MiKTeX 2.9\tex\generic\xkeyval\xkvutils.tex"
\XKV@toks=\toks24
\XKV@tempa@toks=\toks25
)
\XKV@depth=\count198
File: xkeyval.tex 2014/12/03 v2.7a key=value parser (HA)
))
("C:\Program Files\MiKTeX 2.9\tex\latex\adjustbox\adjcalc.sty"
Package: adjcalc 2012/05/16 v1.1 Provides advanced setlength with multiple back
-ends (calc, etex, pgfmath)
)
("C:\Program Files\MiKTeX 2.9\tex\latex\adjustbox\trimclip.sty"
Package: trimclip 2012/05/16 v1.0 Trim and clip general TeX material

("C:\Program Files\MiKTeX 2.9\tex\latex\collectbox\collectbox.sty"
Package: collectbox 2012/05/17 v0.4b Collect macro arguments as boxes
\collectedbox=\box52
)
\tc@llx=\dimen165
\tc@lly=\dimen166
\tc@urx=\dimen167
\tc@ury=\dimen168
Package trimclip Info: Using driver 'tc-pdftex.def'.

("C:\Program Files\MiKTeX 2.9\tex\latex\adjustbox\tc-pdftex.def"
File: tc-pdftex.def 2012/05/13 v1.0 Clipping driver for pdftex
))
\adjbox@Width=\dimen169
\adjbox@Height=\dimen170
\adjbox@Depth=\dimen171
\adjbox@Totalheight=\dimen172

("C:\Program Files\MiKTeX 2.9\tex\latex\ifoddpage\ifoddpage.sty"
Package: ifoddpage 2011/09/13 v1.0 Conditionals for odd/even page detection
\c@checkoddpage=\count199
)
("C:\Program Files\MiKTeX 2.9\tex\latex\ltxmisc\varwidth.sty"
Package: varwidth 2009/03/30 ver 0.92;  Variable-width minipages
\@vwid@box=\box53
\sift@deathcycles=\count200
\@vwid@loff=\dimen173
\@vwid@roff=\dimen174
))
("C:\Program Files\MiKTeX 2.9\tex\latex\graphics\color.sty"
Package: color 2014/10/28 v1.1a Standard LaTeX Color (DPC)

("C:\Program Files\MiKTeX 2.9\tex\latex\00miktex\color.cfg"
File: color.cfg 2007/01/18 v1.5 color configuration of teTeX/TeXLive
)
Package color Info: Driver file: pdftex.def on input line 142.

("C:\Program Files\MiKTeX 2.9\tex\latex\graphics\dvipsnam.def"
File: dvipsnam.def 2014/10/14 v3.0j Driver-dependent file (DPC,SPQR)
))
("C:\Program Files\MiKTeX 2.9\tex\latex\caption\caption.sty"
Package: caption 2015/09/17 v3.3-111 Customizing captions (AR)

("C:\Program Files\MiKTeX 2.9\tex\latex\caption\caption3.sty"
Package: caption3 2015/09/20 v1.7-115 caption3 kernel (AR)
Package caption3 Info: TeX engine: e-TeX on input line 57.
\captionmargin=\dimen175
\captionmargin@=\dimen176
\captionwidth=\dimen177
\caption@tempdima=\dimen178
\caption@indent=\dimen179
\caption@parindent=\dimen180
\caption@hangindent=\dimen181
)
\c@ContinuedFloat=\count201
Package caption Info: float package is loaded.
)
("C:\Program Files\MiKTeX 2.9\tex\latex\caption\subcaption.sty"
Package: subcaption 2015/09/15 v1.1-100 Sub-captions (AR)
\c@subfigure=\count202
\c@subtable=\count203
)
No file lab_report_2.aux.
LaTeX Font Info:    Checking defaults for OML/cmm/m/it on input line 55.
LaTeX Font Info:    ... okay on input line 55.
LaTeX Font Info:    Checking defaults for T1/cmr/m/n on input line 55.
LaTeX Font Info:    ... okay on input line 55.
LaTeX Font Info:    Checking defaults for OT1/cmr/m/n on input line 55.
LaTeX Font Info:    ... okay on input line 55.
LaTeX Font Info:    Checking defaults for OMS/cmsy/m/n on input line 55.
LaTeX Font Info:    ... okay on input line 55.
LaTeX Font Info:    Checking defaults for OMX/cmex/m/n on input line 55.
LaTeX Font Info:    ... okay on input line 55.
LaTeX Font Info:    Checking defaults for U/cmr/m/n on input line 55.
LaTeX Font Info:    ... okay on input line 55.
.................................................
. chemgreek info: "mapping-activated"
. 
. Activating mapping `default' on line 55.
.................................................
("C:\Program Files\MiKTeX 2.9\tex\context\base\supp-pdf.mkii"
[Loading MPS to PDF converter (version 2006.09.02).]
\scratchcounter=\count204
\scratchdimen=\dimen182
\scratchbox=\box54
\nofMPsegments=\count205
\nofMParguments=\count206
\everyMPshowfont=\toks26
\MPscratchCnt=\count207
\MPscratchDim=\dimen183
\MPnumerator=\count208
\makeMPintoPDFobject=\count209
\everyMPtoPDFconversion=\toks27
)
("C:\Program Files\MiKTeX 2.9\tex\latex\beamer\base\translator\dicts\translator
-basic-dictionary\translator-basic-dictionary-English.dict"
Dictionary: translator-basic-dictionary, Language: English 
)
("C:\Program Files\MiKTeX 2.9\tex\latex\siunitx\siunitx-abbreviations.cfg"
File: siunitx-abbreviations.cfg 2015/09/14 v2.6l siunitx: Abbreviated units
)
Package caption Info: Begin \AtBeginDocument code.
Package caption Info: End \AtBeginDocument code.
\c__siunitx_mathsf_int=\count210
\c__siunitx_mathtt_int=\count211
Missing character: There is no Å in font cmr12!
Missing character: There is no ‚ in font cmr12!


LaTeX Warning: Citation `tresholding_def' on page 1 undefined on input line 93.



LaTeX Warning: Citation `image_histogram_def' on page 1 undefined on input line
 96.


LaTeX Warning: Citation `histogram_normalization_def' on page 1 undefined on in
put line 98.

[1

{C:/Users/dybisz/AppData/Local/MiKTeX/2.9/pdftex/config/pdftex.map}]

LaTeX Warning: Reference `eq:1' on page 2 undefined on input line 112.

LaTeX Font Info:    Try loading font information for OMS+cmr on input line 114.

("C:\Program Files\MiKTeX 2.9\tex\latex\base\omscmr.fd"
File: omscmr.fd 2014/09/29 v2.5h Standard LaTeX font definitions
)
LaTeX Font Info:    Font shape `OMS/cmr/m/n' in size <10> not available
(Font)              Font shape `OMS/cmsy/m/n' tried instead on input line 114.


LaTeX Warning: Reference `eq:1' on page 2 undefined on input line 114.


LaTeX Warning: Citation `brightness_def1' on page 2 undefined on input line 119
.

<_Figures/sample_1.jpg, id=11, 501.875pt x 288.07625pt>
File: _Figures/sample_1.jpg Graphic file (type jpg)

<use _Figures/sample_1.jpg>
Package pdftex.def Info: _Figures/sample_1.jpg used on input line 141.
(pdftex.def)             Requested size: 167.32521pt x 96.04568pt.
 <_Figures/sample_2.jpg, id=12, 803.0pt x 602.25pt>
File: _Figures/sample_2.jpg Graphic file (type jpg)

<use _Figures/sample_2.jpg>
Package pdftex.def Info: _Figures/sample_2.jpg used on input line 147.
(pdftex.def)             Requested size: 167.32521pt x 125.49294pt.

<_Figures/sample_3.jpg, id=13, 1927.2pt x 1084.05pt>
File: _Figures/sample_3.jpg Graphic file (type jpg)

<use _Figures/sample_3.jpg>
Package pdftex.def Info: _Figures/sample_3.jpg used on input line 153.
(pdftex.def)             Requested size: 167.32521pt x 94.1197pt.

<_Figures/sample_4.png, id=14, 256.96pt x 256.96pt>
File: _Figures/sample_4.png Graphic file (type png)

<use _Figures/sample_4.png>
Package pdftex.def Info: _Figures/sample_4.png used on input line 159.
(pdftex.def)             Requested size: 167.32521pt x 167.32784pt.
 [2] [3 <./_Figures/sample_1.jpg> <./_Figures/sample_2.jpg> <./_Figures/sample_
3.jpg> <./_Figures/sample_4.png>]

LaTeX Warning: Reference `fig:class_diag' on page 4 undefined on input line 181
.

<_Figures/class_diagram_2.png, id=26, 632.3625pt x 563.85657pt>
File: _Figures/class_diagram_2.png Graphic file (type png)

<use _Figures/class_diagram_2.png>
Package pdftex.def Info: _Figures/class_diagram_2.png used on input line 185.
(pdftex.def)             Requested size: 310.4979pt x 276.85999pt.

<_Figures/treshold_function.jpg, id=27, 431.36156pt x 412.54124pt>
File: _Figures/treshold_function.jpg Graphic file (type jpg)

<use _Figures/treshold_function.jpg>
Package pdftex.def Info: _Figures/treshold_function.jpg used on input line 197.

(pdftex.def)             Requested size: 327.74895pt x 313.45906pt.


LaTeX Warning: Reference `fig:not_grayscale' on page 4 undefined on input line 
198.


LaTeX Warning: Reference `fig:not_grayscale' on page 4 undefined on input line 
198.

[4 <./_Figures/class_diagram_2.png>]
<_Figures/notGrayscale.jpg, id=31, 335.75438pt x 121.20282pt>
File: _Figures/notGrayscale.jpg Graphic file (type jpg)

<use _Figures/notGrayscale.jpg>
Package pdftex.def Info: _Figures/notGrayscale.jpg used on input line 204.
(pdftex.def)             Requested size: 241.49895pt x 87.17719pt.

<_Figures/treshold_check.png, id=32, 328.22626pt x 310.15875pt>
File: _Figures/treshold_check.png Graphic file (type png)

<use _Figures/treshold_check.png>
Package pdftex.def Info: _Figures/treshold_check.png used on input line 211.
(pdftex.def)             Requested size: 241.49895pt x 228.20767pt.


LaTeX Warning: Reference `definitions' on page 5 undefined on input line 212.


LaTeX Warning: Reference `definitions' on page 5 undefined on input line 212.

[5 <./_Figures/treshold_function.jpg> <./_Figures/notGrayscale.jpg>]
<_Figures/normalization_function.jpg, id=36, 459.21562pt x 158.09062pt>
File: _Figures/normalization_function.jpg Graphic file (type jpg)

<use _Figures/normalization_function.jpg>
Package pdftex.def Info: _Figures/normalization_function.jpg used on input line
 222.
(pdftex.def)             Requested size: 327.74895pt x 112.83612pt.

<_Figures/normalization_type.jpg, id=37, 502.12593pt x 222.8325pt>
File: _Figures/normalization_type.jpg Graphic file (type jpg)

<use _Figures/normalization_type.jpg>
Package pdftex.def Info: _Figures/normalization_type.jpg used on input line 228
.
(pdftex.def)             Requested size: 327.74895pt x 145.45483pt.
 [6 <./_Figures/treshold_check.png> <./_Figures/normalization_function.jpg>]
<_Figures/normalization_process.jpg, id=41, 453.94594pt x 329.73187pt>
File: _Figures/normalization_process.jpg Graphic file (type jpg)

<use _Figures/normalization_process.jpg>
Package pdftex.def Info: _Figures/normalization_process.jpg used on input line 
233.
(pdftex.def)             Requested size: 345.0pt x 250.59882pt.


LaTeX Warning: Reference `definitions' on page 7 undefined on input line 234.


LaTeX Warning: Reference `definitions' on page 7 undefined on input line 234.

<_Figures/brigthness_function.jpg, id=42, 449.42906pt x 298.86656pt>
File: _Figures/brigthness_function.jpg Graphic file (type jpg)

<use _Figures/brigthness_function.jpg>
Package pdftex.def Info: _Figures/brigthness_function.jpg used on input line 24
3.
(pdftex.def)             Requested size: 345.0pt x 229.43022pt.
 [7 <./_Figures/normalization_type.jpg> <./_Figures/normalization_process.jpg>]

<_Figures/brighthness_clamp.jpg, id=47, 495.35063pt x 167.12437pt>
File: _Figures/brighthness_clamp.jpg Graphic file (type jpg)

<use _Figures/brighthness_clamp.jpg>
Package pdftex.def Info: _Figures/brighthness_clamp.jpg used on input line 248.

(pdftex.def)             Requested size: 345.0pt x 116.39717pt.


LaTeX Warning: Reference `fig:tresh_raw_1' on page 8 undefined on input line 26
1.


LaTeX Warning: Reference `fig:tresh_good_1' on page 8 undefined on input line 2
61.


LaTeX Warning: Reference `fig:tresh_bad_1' on page 8 undefined on input line 26
1.


LaTeX Warning: Reference `fig:tresh_raw_2' on page 8 undefined on input line 26
4.


LaTeX Warning: Reference `fig:tresh_bad_2' on page 8 undefined on input line 26
4.

[8 <./_Figures/brigthness_function.jpg> <./_Figures/brighthness_clamp.jpg>]

LaTeX Warning: Reference `fig:tresh_raw_3' on page 9 undefined on input line 26
6.


LaTeX Warning: Reference `fig:tresh_bad_3' on page 9 undefined on input line 26
6.


LaTeX Warning: Reference `fig:tresh_raw_1' on page 9 undefined on input line 26
8.


LaTeX Warning: Reference `fig:tresh_good_4' on page 9 undefined on input line 2
68.


LaTeX Warning: Reference `fig:tresh_bad_4' on page 9 undefined on input line 26
8.

File: _Figures/sample_1.jpg Graphic file (type jpg)
<use _Figures/sample_1.jpg>
Package pdftex.def Info: _Figures/sample_1.jpg used on input line 276.
(pdftex.def)             Requested size: 100.39613pt x 57.62741pt.

<_Figures/sample_1_good_treshold.png, id=51, 501.875pt x 288.07625pt>
File: _Figures/sample_1_good_treshold.png Graphic file (type png)

<use _Figures/sample_1_good_treshold.png>
Package pdftex.def Info: _Figures/sample_1_good_treshold.png used on input line
 282.
(pdftex.def)             Requested size: 100.39613pt x 57.62741pt.

<_Figures/sample_1_bad_treshold.png, id=52, 501.875pt x 288.07625pt>
File: _Figures/sample_1_bad_treshold.png Graphic file (type png)

<use _Figures/sample_1_bad_treshold.png>
Package pdftex.def Info: _Figures/sample_1_bad_treshold.png used on input line 
288.
(pdftex.def)             Requested size: 100.39613pt x 57.62741pt.
File: _Figures/sample_2.jpg Graphic file (type jpg)
 <use _Figures/sample_2.jpg>
Package pdftex.def Info: _Figures/sample_2.jpg used on input line 295.
(pdftex.def)             Requested size: 100.39613pt x 75.29025pt.

<_Figures/sample_2_good_treshold.png, id=53, 803.0pt x 602.25pt>
File: _Figures/sample_2_good_treshold.png Graphic file (type png)

<use _Figures/sample_2_good_treshold.png>
Package pdftex.def Info: _Figures/sample_2_good_treshold.png used on input line
 301.
(pdftex.def)             Requested size: 100.39613pt x 75.29025pt.

<_Figures/sample_2_bad_treshold.png, id=54, 803.0pt x 602.25pt>
File: _Figures/sample_2_bad_treshold.png Graphic file (type png)

<use _Figures/sample_2_bad_treshold.png>
Package pdftex.def Info: _Figures/sample_2_bad_treshold.png used on input line 
307.
(pdftex.def)             Requested size: 100.39613pt x 75.29025pt.
File: _Figures/sample_3.jpg Graphic file (type jpg)
 <use _Figures/sample_3.jpg>
Package pdftex.def Info: _Figures/sample_3.jpg used on input line 314.
(pdftex.def)             Requested size: 100.39613pt x 56.47182pt.

<_Figures/sample_3_good_treshold.png, id=55, 1927.2pt x 1084.05pt>
File: _Figures/sample_3_good_treshold.png Graphic file (type png)

<use _Figures/sample_3_good_treshold.png>
Package pdftex.def Info: _Figures/sample_3_good_treshold.png used on input line
 320.
(pdftex.def)             Requested size: 100.39613pt x 56.47182pt.

<_Figures/sample_3_bad_treshold.png, id=56, 1927.2pt x 1084.05pt>
File: _Figures/sample_3_bad_treshold.png Graphic file (type png)

<use _Figures/sample_3_bad_treshold.png>
Package pdftex.def Info: _Figures/sample_3_bad_treshold.png used on input line 
326.
(pdftex.def)             Requested size: 100.39613pt x 56.47182pt.
File: _Figures/sample_4.png Graphic file (type png)
 <use _Figures/sample_4.png>
Package pdftex.def Info: _Figures/sample_4.png used on input line 333.
(pdftex.def)             Requested size: 100.39613pt x 100.39827pt.

<_Figures/sample_4_good_treshold.png, id=57, 256.96pt x 256.96pt>
File: _Figures/sample_4_good_treshold.png Graphic file (type png)

<use _Figures/sample_4_good_treshold.png>
Package pdftex.def Info: _Figures/sample_4_good_treshold.png used on input line
 339.
(pdftex.def)             Requested size: 100.39613pt x 100.39827pt.

<_Figures/sample_4_bad_tresholding.png, id=58, 256.96pt x 256.96pt>
File: _Figures/sample_4_bad_tresholding.png Graphic file (type png)

<use _Figures/sample_4_bad_tresholding.png>
Package pdftex.def Info: _Figures/sample_4_bad_tresholding.png used on input li
ne 345.
(pdftex.def)             Requested size: 100.39613pt x 100.39827pt.


LaTeX Warning: Reference `fig:histogram_results' on page 9 undefined on input l
ine 358.


LaTeX Warning: Reference `fig:raw_hist_1' on page 9 undefined on input line 358
.


LaTeX Warning: Reference `fig:raw_hist_2' on page 9 undefined on input line 358
.


LaTeX Warning: Reference `fig:raw_hist_3' on page 9 undefined on input line 358
.


LaTeX Warning: Reference `fig:raw_hist_4' on page 9 undefined on input line 358
.


LaTeX Warning: Reference `fig:average_hist_1' on page 9 undefined on input line
 358.


LaTeX Warning: Reference `fig:average_hist_2' on page 9 undefined on input line
 358.


LaTeX Warning: Reference `fig:average_hist_3' on page 9 undefined on input line
 358.


LaTeX Warning: Reference `fig:average_hist_4' on page 9 undefined on input line
 358.


LaTeX Warning: Reference `fig:per_hist_1' on page 9 undefined on input line 358
.


LaTeX Warning: Reference `fig:per_hist_2' on page 9 undefined on input line 358
.


LaTeX Warning: Reference `fig:per_hist_3' on page 9 undefined on input line 358
.


LaTeX Warning: Reference `fig:per_hist_4' on page 9 undefined on input line 358
.


LaTeX Warning: Reference `definitions' on page 9 undefined on input line 358.

[9 <./_Figures/sample_1_good_treshold.png> <./_Figures/sample_1_bad_treshold.pn
g> <./_Figures/sample_2_good_treshold.png> <./_Figures/sample_2_bad_treshold.pn
g> <./_Figures/sample_3_good_treshold.png> <./_Figures/sample_3_bad_treshold.pn
g> <./_Figures/sample_4_good_treshold.png> <./_Figures/sample_4_bad_tresholding
.png>]

LaTeX Warning: Reference `fig:average_hist_1' on page 10 undefined on input lin
e 360.


LaTeX Warning: Reference `fig:raw_hist_4' on page 10 undefined on input line 36
0.


LaTeX Warning: Reference `fig:average_hist_4' on page 10 undefined on input lin
e 360.


LaTeX Warning: Reference `fig:per_hist_4' on page 10 undefined on input line 36
0.

File: _Figures/sample_1.jpg Graphic file (type jpg)
<use _Figures/sample_1.jpg>
Package pdftex.def Info: _Figures/sample_1.jpg used on input line 367.
(pdftex.def)             Requested size: 100.39613pt x 57.62741pt.

<_Figures/sample_1_normalization_average.png, id=70, 501.875pt x 288.07625pt>
File: _Figures/sample_1_normalization_average.png Graphic file (type png)

<use _Figures/sample_1_normalization_average.png>
Package pdftex.def Info: _Figures/sample_1_normalization_average.png used on in
put line 373.
(pdftex.def)             Requested size: 100.39613pt x 57.62741pt.

<_Figures/sample_1_normalization_per_channel.png, id=71, 501.875pt x 288.07625p
t>
File: _Figures/sample_1_normalization_per_channel.png Graphic file (type png)
 <use _Figures/sample_1_normalization_per_channel.png>
Package pdftex.def Info: _Figures/sample_1_normalization_per_channel.png used o
n input line 379.
(pdftex.def)             Requested size: 100.39613pt x 57.62741pt.
File: _Figures/sample_2.jpg Graphic file (type jpg)

<use _Figures/sample_2.jpg>
Package pdftex.def Info: _Figures/sample_2.jpg used on input line 386.
(pdftex.def)             Requested size: 100.39613pt x 75.29025pt.

<_Figures/sample_2_normalization_average.png, id=72, 803.0pt x 602.25pt>
File: _Figures/sample_2_normalization_average.png Graphic file (type png)

<use _Figures/sample_2_normalization_average.png>
Package pdftex.def Info: _Figures/sample_2_normalization_average.png used on in
put line 392.
(pdftex.def)             Requested size: 100.39613pt x 75.29025pt.

<_Figures/sample_2_normalization_per_channel.png, id=73, 803.0pt x 602.25pt>
File: _Figures/sample_2_normalization_per_channel.png Graphic file (type png)

<use _Figures/sample_2_normalization_per_channel.png>
Package pdftex.def Info: _Figures/sample_2_normalization_per_channel.png used o
n input line 398.
(pdftex.def)             Requested size: 100.39613pt x 75.29025pt.
File: _Figures/sample_3.jpg Graphic file (type jpg)

<use _Figures/sample_3.jpg>
Package pdftex.def Info: _Figures/sample_3.jpg used on input line 406.
(pdftex.def)             Requested size: 100.39613pt x 56.47182pt.

<_Figures/sample_3_normalization_average.png, id=74, 1927.2pt x 1084.05pt>
File: _Figures/sample_3_normalization_average.png Graphic file (type png)

<use _Figures/sample_3_normalization_average.png>
Package pdftex.def Info: _Figures/sample_3_normalization_average.png used on in
put line 412.
(pdftex.def)             Requested size: 100.39613pt x 56.47182pt.

<_Figures/sample_3_normalization_per_channel.png, id=75, 1927.2pt x 1084.05pt>
File: _Figures/sample_3_normalization_per_channel.png Graphic file (type png)

<use _Figures/sample_3_normalization_per_channel.png>
Package pdftex.def Info: _Figures/sample_3_normalization_per_channel.png used o
n input line 418.
(pdftex.def)             Requested size: 100.39613pt x 56.47182pt.
File: _Figures/sample_4.png Graphic file (type png)

<use _Figures/sample_4.png>
Package pdftex.def Info: _Figures/sample_4.png used on input line 425.
(pdftex.def)             Requested size: 100.39613pt x 100.39827pt.

<_Figures/sample_4_normalization_average.png, id=76, 256.96pt x 256.96pt>
File: _Figures/sample_4_normalization_average.png Graphic file (type png)

<use _Figures/sample_4_normalization_average.png>
Package pdftex.def Info: _Figures/sample_4_normalization_average.png used on in
put line 431.
(pdftex.def)             Requested size: 100.39613pt x 100.39827pt.

<_Figures/sample_4_normalization_per_channel.png, id=77, 256.96pt x 256.96pt>
File: _Figures/sample_4_normalization_per_channel.png Graphic file (type png)

<use _Figures/sample_4_normalization_per_channel.png>
Package pdftex.def Info: _Figures/sample_4_normalization_per_channel.png used o
n input line 437.
(pdftex.def)             Requested size: 100.39613pt x 100.39827pt.


LaTeX Warning: Reference `fig:brigth_low_1' on page 10 undefined on input line 
451.


LaTeX Warning: Reference `fig:brigth_low_2' on page 10 undefined on input line 
451.


LaTeX Warning: Reference `fig:brigth_low_3' on page 10 undefined on input line 
451.


LaTeX Warning: Reference `fig:brigth_low_4' on page 10 undefined on input line 
451.


LaTeX Warning: Reference `fig:brigth_high_1' on page 10 undefined on input line
 451.


LaTeX Warning: Reference `fig:brigth_high_2' on page 10 undefined on input line
 451.


LaTeX Warning: Reference `fig:brigth_high_3' on page 10 undefined on input line
 451.


LaTeX Warning: Reference `fig:brigth_high_4' on page 10 undefined on input line
 451.


LaTeX Warning: Reference `fig:brigth_high_4' on page 10 undefined on input line
 451.

[10 <./_Figures/sample_1_normalization_average.png> <./_Figures/sample_1_normal
ization_per_channel.png> <./_Figures/sample_2_normalization_average.png> <./_Fi
gures/sample_2_normalization_per_channel.png> <./_Figures/sample_3_normalizatio
n_average.png> <./_Figures/sample_3_normalization_per_channel.png> <./_Figures/
sample_4_normalization_average.png> <./_Figures/sample_4_normalization_per_chan
nel.png>]
File: _Figures/sample_1.jpg Graphic file (type jpg)
 <use _Figures/sample_1.jpg>
Package pdftex.def Info: _Figures/sample_1.jpg used on input line 457.
(pdftex.def)             Requested size: 100.39613pt x 57.62741pt.

<_Figures/sample_1_brightness_low.png, id=89, 501.875pt x 288.07625pt>
File: _Figures/sample_1_brightness_low.png Graphic file (type png)

<use _Figures/sample_1_brightness_low.png>
Package pdftex.def Info: _Figures/sample_1_brightness_low.png used on input lin
e 463.
(pdftex.def)             Requested size: 100.39613pt x 57.62741pt.

<_Figures/sample_1_brightness_high.png, id=90, 501.875pt x 288.07625pt>
File: _Figures/sample_1_brightness_high.png Graphic file (type png)

<use _Figures/sample_1_brightness_high.png>
Package pdftex.def Info: _Figures/sample_1_brightness_high.png used on input li
ne 469.
(pdftex.def)             Requested size: 100.39613pt x 57.62741pt.
File: _Figures/sample_2.jpg Graphic file (type jpg)
 <use _Figures/sample_2.jpg>
Package pdftex.def Info: _Figures/sample_2.jpg used on input line 476.
(pdftex.def)             Requested size: 100.39613pt x 75.29025pt.

<_Figures/sample_2_brigthness_low.png, id=91, 803.0pt x 602.25pt>
File: _Figures/sample_2_brigthness_low.png Graphic file (type png)

<use _Figures/sample_2_brigthness_low.png>
Package pdftex.def Info: _Figures/sample_2_brigthness_low.png used on input lin
e 482.
(pdftex.def)             Requested size: 100.39613pt x 75.29025pt.

<_Figures/sample_2_brigthness_high.png, id=92, 803.0pt x 602.25pt>
File: _Figures/sample_2_brigthness_high.png Graphic file (type png)

<use _Figures/sample_2_brigthness_high.png>
Package pdftex.def Info: _Figures/sample_2_brigthness_high.png used on input li
ne 488.
(pdftex.def)             Requested size: 100.39613pt x 75.29025pt.
File: _Figures/sample_3.jpg Graphic file (type jpg)
 <use _Figures/sample_3.jpg>
Package pdftex.def Info: _Figures/sample_3.jpg used on input line 496.
(pdftex.def)             Requested size: 100.39613pt x 56.47182pt.

<_Figures/sample_3_brigthness_low.png, id=93, 1927.2pt x 1084.05pt>
File: _Figures/sample_3_brigthness_low.png Graphic file (type png)

<use _Figures/sample_3_brigthness_low.png>
Package pdftex.def Info: _Figures/sample_3_brigthness_low.png used on input lin
e 502.
(pdftex.def)             Requested size: 100.39613pt x 56.47182pt.

<_Figures/sample_3_brigthness_high.png, id=94, 1927.2pt x 1084.05pt>
File: _Figures/sample_3_brigthness_high.png Graphic file (type png)

<use _Figures/sample_3_brigthness_high.png>
Package pdftex.def Info: _Figures/sample_3_brigthness_high.png used on input li
ne 508.
(pdftex.def)             Requested size: 100.39613pt x 56.47182pt.
File: _Figures/sample_4.png Graphic file (type png)
 <use _Figures/sample_4.png>
Package pdftex.def Info: _Figures/sample_4.png used on input line 515.
(pdftex.def)             Requested size: 100.39613pt x 100.39827pt.

<_Figures/sample_4_brigthness_low.png, id=95, 256.96pt x 256.96pt>
File: _Figures/sample_4_brigthness_low.png Graphic file (type png)

<use _Figures/sample_4_brigthness_low.png>
Package pdftex.def Info: _Figures/sample_4_brigthness_low.png used on input lin
e 521.
(pdftex.def)             Requested size: 100.39613pt x 100.39827pt.

<_Figures/sample_4_brigthness_high.png, id=96, 256.96pt x 256.96pt>
File: _Figures/sample_4_brigthness_high.png Graphic file (type png)

<use _Figures/sample_4_brigthness_high.png>
Package pdftex.def Info: _Figures/sample_4_brigthness_high.png used on input li
ne 527.
(pdftex.def)             Requested size: 100.39613pt x 100.39827pt.


LaTeX Warning: Reference `fig:sample_2' on page 11 undefined on input line 537.



LaTeX Warning: Reference `fig:sample_3' on page 11 undefined on input line 537.


[11 <./_Figures/sample_1_brightness_low.png> <./_Figures/sample_1_brightness_hi
gh.png> <./_Figures/sample_2_brigthness_low.png> <./_Figures/sample_2_brigthnes
s_high.png> <./_Figures/sample_3_brigthness_low.png> <./_Figures/sample_3_brigt
hness_high.png> <./_Figures/sample_4_brigthness_low.png> <./_Figures/sample_4_b
rigthness_high.png>]
Underfull \hbox (badness 10000) in paragraph at lines 547--548
[]$\OT1/cmr/m/n/10 http : / / olympusmicro . com / primer / java / olympusmicd 
/ digitalimaging /$
 []

[12] (lab_report_2.aux)

LaTeX Warning: There were undefined references.


LaTeX Warning: Label(s) may have changed. Rerun to get cross-references right.

 ) 
Here is how much of TeX's memory you used:
 15578 strings out of 493673
 320747 string characters out of 3143957
 340376 words of memory out of 3000000
 18771 multiletter control sequences out of 15000+200000
 12444 words of font info for 47 fonts, out of 3000000 for 9000
 1025 hyphenation exceptions out of 8191
 53i,8n,92p,10440b,548s stack positions out of 5000i,500n,10000p,200000b,50000s
<C:/Program Files/MiKTeX 2.9/fonts/type1/public/amsfonts/cm/cmbx10.pfb><C:/Pr
ogram Files/MiKTeX 2.9/fonts/type1/public/amsfonts/cm/cmbx12.pfb><C:/Program Fi
les/MiKTeX 2.9/fonts/type1/public/amsfonts/cm/cmcsc10.pfb><C:/Program Files/MiK
TeX 2.9/fonts/type1/public/amsfonts/cm/cmmi10.pfb><C:/Program Files/MiKTeX 2.9/
fonts/type1/public/amsfonts/cm/cmr10.pfb><C:/Program Files/MiKTeX 2.9/fonts/typ
e1/public/amsfonts/cm/cmr12.pfb><C:/Program Files/MiKTeX 2.9/fonts/type1/public
/amsfonts/cm/cmr17.pfb><C:/Program Files/MiKTeX 2.9/fonts/type1/public/amsfonts
/cm/cmr9.pfb><C:/Program Files/MiKTeX 2.9/fonts/type1/public/amsfonts/cm/cmsy10
.pfb>
Output written on lab_report_2.pdf (12 pages, 13597613 bytes).
PDF statistics:
 140 PDF objects out of 1000 (max. 8388607)
 0 named destinations out of 1000 (max. 500000)
 186 words of extra memory for PDF output out of 10000 (max. 10000000)

